--------------------------------------------------------------------------------
Lattice Synthesis Timing Report, Version  
Sat Jan 03 01:12:30 2015

Copyright (c) 1991-1994 by NeoCAD Inc. All rights reserved.
Copyright (c) 1995 AT&T Corp.   All rights reserved.
Copyright (c) 1995-2001 Lucent Technologies Inc.  All rights reserved.
Copyright (c) 2001 Agere Systems   All rights reserved.
Copyright (c) 2002-2014 Lattice Semiconductor Corporation,  All rights reserved.

Report Information
------------------
Design:     AutoShift
Constraint file:  
Report level:    verbose report, limited to 3 items per constraint
--------------------------------------------------------------------------------



================================================================================
Constraint: create_clock -period 5.000000 -name clk2 [get_nets latch_c]
            0 items scored, 0 timing errors detected.
--------------------------------------------------------------------------------


================================================================================
Constraint: create_clock -period 5.000000 -name clk1 [get_nets osc_clk_c]
            0 items scored, 0 timing errors detected.
--------------------------------------------------------------------------------


================================================================================
Constraint: create_clock -period 5.000000 -name clk0 [get_nets clk_c]
            30 items scored, 0 timing errors detected.
--------------------------------------------------------------------------------


Passed:  The following path meets requirements by 3.337ns

 Logical Details:  Cell type  Pin type       Cell name  (clock net +/-)

   Source:         IFS1P3DX   SCLK           tmp_i1  (from clk +)
   Destination:    FD1S3AX    D              tmp_i2  (to clk +)

   Delay:                   1.517ns  (33.9% logic, 66.1% route), 1 logic levels.

 Constraint Details:

      1.517ns data_path tmp_i1 to tmp_i2 meets
      5.000ns delay constraint less
      0.146ns L_S requirement (totaling 4.854ns) by 3.337ns

 Path Details: tmp_i1 to tmp_i2

   Name    Fanout   Delay (ns)          Pins               Resource(Cell.Net)
I_CO        ---     0.515           SCLK to Q              tmp_i1 (from clk)
Route         2   e 1.002                                  tmp[0]
                  --------
                    1.517  (33.9% logic, 66.1% route), 1 logic levels.


Passed:  The following path meets requirements by 3.449ns

 Logical Details:  Cell type  Pin type       Cell name  (clock net +/-)

   Source:         FD1S3AX    CK             tmp_i11  (from clk +)
   Destination:    FD1S3AX    D              tmp_i12  (to clk +)

   Delay:                   1.405ns  (28.7% logic, 71.3% route), 1 logic levels.

 Constraint Details:

      1.405ns data_path tmp_i11 to tmp_i12 meets
      5.000ns delay constraint less
      0.146ns L_S requirement (totaling 4.854ns) by 3.449ns

 Path Details: tmp_i11 to tmp_i12

   Name    Fanout   Delay (ns)          Pins               Resource(Cell.Net)
L_CO        ---     0.403             CK to Q              tmp_i11 (from clk)
Route         2   e 1.002                                  tmp[10]
                  --------
                    1.405  (28.7% logic, 71.3% route), 1 logic levels.


Passed:  The following path meets requirements by 3.449ns

 Logical Details:  Cell type  Pin type       Cell name  (clock net +/-)

   Source:         FD1S3AX    CK             tmp_i12  (from clk +)
   Destination:    FD1S3AX    D              tmp_i13  (to clk +)

   Delay:                   1.405ns  (28.7% logic, 71.3% route), 1 logic levels.

 Constraint Details:

      1.405ns data_path tmp_i12 to tmp_i13 meets
      5.000ns delay constraint less
      0.146ns L_S requirement (totaling 4.854ns) by 3.449ns

 Path Details: tmp_i12 to tmp_i13

   Name    Fanout   Delay (ns)          Pins               Resource(Cell.Net)
L_CO        ---     0.403             CK to Q              tmp_i12 (from clk)
Route         2   e 1.002                                  tmp[11]
                  --------
                    1.405  (28.7% logic, 71.3% route), 1 logic levels.

Report: 1.663 ns is the maximum delay for this constraint.


Timing Report Summary
--------------
--------------------------------------------------------------------------------
Constraint                              |   Constraint|       Actual|Levels
--------------------------------------------------------------------------------
                                        |             |             |
create_clock -period 5.000000 -name     |             |             |
clk2 [get_nets latch_c]                 |            -|            -|     0  
                                        |             |             |
create_clock -period 5.000000 -name     |             |             |
clk1 [get_nets osc_clk_c]               |            -|            -|     0  
                                        |             |             |
create_clock -period 5.000000 -name     |             |             |
clk0 [get_nets clk_c]                   |     5.000 ns|     1.663 ns|     1  
                                        |             |             |
--------------------------------------------------------------------------------


All constraints were met.



Timing summary:
---------------

Timing errors: 0  Score: 0

Constraints cover  30 paths, 31 nets, and 89 connections (25.0% coverage)


Peak memory: 59580416 bytes, TRCE: 1073152 bytes, DLYMAN: 0 bytes
CPU_TIME_REPORT: 0 secs 
