synthesis:  version Diamond (64-bit) 3.3.0.109

Copyright (c) 1991-1994 by NeoCAD Inc. All rights reserved.
Copyright (c) 1995 AT&T Corp.   All rights reserved.
Copyright (c) 1995-2001 Lucent Technologies Inc.  All rights reserved.
Copyright (c) 2001 Agere Systems   All rights reserved.
Copyright (c) 2002-2014 Lattice Semiconductor Corporation,  All rights reserved.
Tue Jan  6 04:58:10 2015


Command Line:  synthesis -f SevenSegClock_SevenSegClock_lattice.synproj -gui 

Synthesis options:
The -a option is MachXO2.
The -s option is 5.
The -t option is TQFP144.
The -d option is LCMXO2-640UHC.
Using package TQFP144.
Using performance grade 5.
                                                          

##########################################################

### Lattice Family : MachXO2A

### Device  : LCMXO2-640UHC

### Package : TQFP144

### Speed   : 5

##########################################################

                                                          

Optimization goal = Balanced
Top-level module name = AutoShift.
Target frequency = 200.000000 MHz.
Maximum fanout = 1000.
Timing path count = 3
BRAM utilization = 100.000000 %
DSP usage = true (default)
DSP utilization = 100 % (default)
fsm_encoding_style = auto
resolve_mixed_drivers = 0
fix_gated_clocks = 1

Mux style = Auto
Use Carry Chain = true
carry_chain_length = 0
WARNING - synthesis: Using default loop_limit value of 1950

Use IO Insertion = TRUE
Resource Sharing = TRUE
Propagate Constants = TRUE
Remove Duplicate Registers = TRUE
force_gsr = auto
ROM style = auto
RAM style = auto
The -comp option is FALSE.
The -syn option is FALSE.
-p /home/justin/7SegClock/7SegClock/Lattice_FPGA (searchpath added)
-p /usr/local/diamond/3.3_x64/ispfpga/xo2c00/data (searchpath added)
-p /home/justin/7SegClock/7SegClock/Lattice_FPGA/SevenSegClock (searchpath added)
-p /home/justin/7SegClock/7SegClock/Lattice_FPGA (searchpath added)
Verilog design file = /home/justin/7SegClock/7SegClock/Lattice_FPGA/SevenSegClock/source/AutoShift_1.v
NGD file = SevenSegClock_SevenSegClock.ngd
-sdc option: SDC file input not used.
-lpf option: Output file option is ON.
Hardtimer checking is enabled (default). The -dt option is not used.
The -r option is OFF. [ Remove LOC Properties is OFF. ]
Technology check ok...

Compile design.
Compile Design Begin
Top module name (Verilog): AutoShift
INFO - synthesis: /home/justin/7SegClock/7SegClock/Lattice_FPGA/SevenSegClock/source/AutoShift_1.v(8): compiling module AutoShift. VERI-1018
INFO - synthesis: /usr/local/diamond/3.3_x64/ispfpga/userware/unix/SYNTHESIS_HEADERS/machxo2.v(1793): compiling module OSCH(NOM_FREQ="2.08"). VERI-1018
Loading NGL library '/usr/local/diamond/3.3_x64/ispfpga/xo2c00a/data/xo2alib.ngl'...
Loading NGL library '/usr/local/diamond/3.3_x64/ispfpga/xo2c00/data/xo2clib.ngl'...
Loading NGL library '/usr/local/diamond/3.3_x64/ispfpga/mg5g00/data/mg5glib.ngl'...
Loading NGL library '/usr/local/diamond/3.3_x64/ispfpga/or5g00/data/orc5glib.ngl'...
Loading device for application map from file 'xo2c1200.nph' in environment: /usr/local/diamond/3.3_x64/ispfpga.
Package Status:                     Final          Version 1.39.
Top-level module name = AutoShift.
/home/justin/7SegClock/7SegClock/Lattice_FPGA/SevenSegClock/source/AutoShift_1.v(26): net RedD2[6] does not have a driver. VDB-1002
/home/justin/7SegClock/7SegClock/Lattice_FPGA/SevenSegClock/source/AutoShift_1.v(27): net RedD3[6] does not have a driver. VDB-1002
/home/justin/7SegClock/7SegClock/Lattice_FPGA/SevenSegClock/source/AutoShift_1.v(28): net RedD4[6] does not have a driver. VDB-1002
/home/justin/7SegClock/7SegClock/Lattice_FPGA/SevenSegClock/source/AutoShift_1.v(30): net GrnD2[6] does not have a driver. VDB-1002
/home/justin/7SegClock/7SegClock/Lattice_FPGA/SevenSegClock/source/AutoShift_1.v(31): net GrnD3[6] does not have a driver. VDB-1002
/home/justin/7SegClock/7SegClock/Lattice_FPGA/SevenSegClock/source/AutoShift_1.v(32): net GrnD4[6] does not have a driver. VDB-1002
/home/justin/7SegClock/7SegClock/Lattice_FPGA/SevenSegClock/source/AutoShift_1.v(34): net ledA2[5] does not have a driver. VDB-1002
/home/justin/7SegClock/7SegClock/Lattice_FPGA/SevenSegClock/source/AutoShift_1.v(35): net ledA3[5] does not have a driver. VDB-1002
/home/justin/7SegClock/7SegClock/Lattice_FPGA/SevenSegClock/source/AutoShift_1.v(36): net ledA4[5] does not have a driver. VDB-1002
######## Missing driver on net RedD2[6]. Patching with GND.
######## Missing driver on net RedD2[5]. Patching with GND.
######## Missing driver on net RedD2[4]. Patching with GND.
######## Missing driver on net RedD2[3]. Patching with GND.
######## Missing driver on net RedD2[2]. Patching with GND.
######## Missing driver on net RedD2[1]. Patching with GND.
######## Missing driver on net RedD2[0]. Patching with GND.
######## Missing driver on net RedD3[6]. Patching with GND.
######## Missing driver on net RedD3[5]. Patching with GND.
######## Missing driver on net RedD3[4]. Patching with GND.
######## Missing driver on net RedD3[3]. Patching with GND.
######## Missing driver on net RedD3[2]. Patching with GND.
######## Missing driver on net RedD3[1]. Patching with GND.
######## Missing driver on net RedD3[0]. Patching with GND.
######## Missing driver on net RedD4[6]. Patching with GND.
######## Missing driver on net RedD4[5]. Patching with GND.
######## Missing driver on net RedD4[4]. Patching with GND.
######## Missing driver on net RedD4[3]. Patching with GND.
######## Missing driver on net RedD4[2]. Patching with GND.
######## Missing driver on net RedD4[1]. Patching with GND.
######## Missing driver on net RedD4[0]. Patching with GND.
######## Missing driver on net GrnD2[6]. Patching with GND.
######## Missing driver on net GrnD2[5]. Patching with GND.
######## Missing driver on net GrnD2[4]. Patching with GND.
######## Missing driver on net GrnD2[3]. Patching with GND.
######## Missing driver on net GrnD2[2]. Patching with GND.
######## Missing driver on net GrnD2[1]. Patching with GND.
######## Missing driver on net GrnD2[0]. Patching with GND.
######## Missing driver on net GrnD3[6]. Patching with GND.
######## Missing driver on net GrnD3[5]. Patching with GND.
######## Missing driver on net GrnD3[4]. Patching with GND.
######## Missing driver on net GrnD3[3]. Patching with GND.
######## Missing driver on net GrnD3[2]. Patching with GND.
######## Missing driver on net GrnD3[1]. Patching with GND.
######## Missing driver on net GrnD3[0]. Patching with GND.
######## Missing driver on net GrnD4[6]. Patching with GND.
######## Missing driver on net GrnD4[5]. Patching with GND.
######## Missing driver on net GrnD4[4]. Patching with GND.
######## Missing driver on net GrnD4[3]. Patching with GND.
######## Missing driver on net GrnD4[2]. Patching with GND.
######## Missing driver on net GrnD4[1]. Patching with GND.
######## Missing driver on net GrnD4[0]. Patching with GND.
######## Missing driver on net ledA2[5]. Patching with GND.
######## Missing driver on net ledA2[4]. Patching with GND.
######## Missing driver on net ledA2[3]. Patching with GND.
######## Missing driver on net ledA2[2]. Patching with GND.
######## Missing driver on net ledA2[1]. Patching with GND.
######## Missing driver on net ledA2[0]. Patching with GND.
######## Missing driver on net ledA3[5]. Patching with GND.
######## Missing driver on net ledA3[4]. Patching with GND.
######## Missing driver on net ledA3[3]. Patching with GND.
######## Missing driver on net ledA3[2]. Patching with GND.
######## Missing driver on net ledA3[1]. Patching with GND.
######## Missing driver on net ledA3[0]. Patching with GND.
######## Missing driver on net ledA4[5]. Patching with GND.
######## Missing driver on net ledA4[4]. Patching with GND.
######## Missing driver on net ledA4[3]. Patching with GND.
######## Missing driver on net ledA4[2]. Patching with GND.
######## Missing driver on net ledA4[1]. Patching with GND.
######## Missing driver on net ledA4[0]. Patching with GND.



WARNING - synthesis: /home/justin/7SegClock/7SegClock/Lattice_FPGA/SevenSegClock/source/AutoShift_1.v(143): Latch dlatchrs_709_i20 input is stuck at Zero

GSR instance connected to net Digit4_c.
GSR will not be inferred because no asynchronous signal was found in the netlist.
WARNING - synthesis: No user .sdc file.
Applying 200.000000 MHz constraint to all clocks

Results of NGD DRC are available in AutoShift_drc.log.
Loading NGL library '/usr/local/diamond/3.3_x64/ispfpga/xo2c00a/data/xo2alib.ngl'...
Loading NGL library '/usr/local/diamond/3.3_x64/ispfpga/xo2c00/data/xo2clib.ngl'...
Loading NGL library '/usr/local/diamond/3.3_x64/ispfpga/mg5g00/data/mg5glib.ngl'...
Loading NGL library '/usr/local/diamond/3.3_x64/ispfpga/or5g00/data/orc5glib.ngl'...
WARNING - synthesis: logical net 'cnt_735_add_4_1/S0' has no load.
WARNING - synthesis: logical net 'cnt_735_add_4_11/CO' has no load.
WARNING - synthesis: logical net 'cnt_735_add_4_11/S1' has no load.
WARNING - synthesis: DRC complete with 3 warnings.
All blocks are expanded and NGD expansion is successful.
Writing NGD file SevenSegClock_SevenSegClock.ngd.

################### Begin Area Report (AutoShift)######################
Number of register bits => 76 of 964 (7 % )
CCU2D => 6
FD1S1I => 23
FD1S3AX => 53
GSR => 1
IB => 3
LUT4 => 36
OB => 80
OSCH => 1
################### End Area Report ##################

################### Begin Clock Report ######################
Clock Nets
Number of Clocks: 5
  Net : clk_c, loads : 23
  Net : latch_c, loads : 20
  Net : n2420, loads : 20
  Net : osc_clk_c_c, loads : 10
  Net : n1008, loads : 3
Clock Enable Nets
Number of Clock Enables: 0
Highest fanout non-clock nets
Top 10 highest fanout non-clock nets:
  Net : segment_0, loads : 18
  Net : segment_1, loads : 17
  Net : segment_2, loads : 16
  Net : cnt_9, loads : 12
  Net : cnt_8, loads : 12
  Net : cnt_7, loads : 12
  Net : cnt_6, loads : 11
  Net : n1977, loads : 7
  Net : n2073, loads : 7
  Net : n2063, loads : 3
################### End Clock Report ##################

Timing Report Summary
--------------
--------------------------------------------------------------------------------
Constraint                              |   Constraint|       Actual|Levels
--------------------------------------------------------------------------------
                                        |             |             |
create_clock -period 5.000000 -name     |             |             |
clk2 [get_nets latch_c]                 |            -|            -|     0  
                                        |             |             |
create_clock -period 5.000000 -name     |             |             |
clk1 [get_nets osc_clk_c_c]             |            -|            -|     0  
                                        |             |             |
create_clock -period 5.000000 -name     |             |             |
clk0 [get_nets clk_c]                   |  200.000 MHz|  644.745 MHz|     1  
                                        |             |             |
--------------------------------------------------------------------------------


All constraints were met.


Peak Memory Usage: 180.184  MB

--------------------------------------------------------------
Elapsed CPU time for LSE flow : 0.634  secs
--------------------------------------------------------------
